1560795851900	mozrunner::runner	INFO	Running command: "/usr/bin/firefox" "-marionette" "-foreground" "-no-remote" "-profile" "/tmp/rust_mozprofile.AOPlT82RhKbr"
1560795852226	addons.webextension.screenshots@mozilla.org	WARN	Loading extension 'screenshots@mozilla.org': Reading manifest: Invalid extension permission: mozillaAddons
1560795852227	addons.webextension.screenshots@mozilla.org	WARN	Loading extension 'screenshots@mozilla.org': Reading manifest: Invalid extension permission: resource://pdf.js/
1560795852227	addons.webextension.screenshots@mozilla.org	WARN	Loading extension 'screenshots@mozilla.org': Reading manifest: Invalid extension permission: about:reader*
1560795854927	Marionette	INFO	Listening on port 32827
1560795855016	Marionette	WARN	TLS certificate errors will be ignored for this session
JavaScript error: http://selenium1py.pythonanywhere.com/es/catalogue/coders-at-work_207/, line 614: ReferenceError: oscar is not defined
JavaScript error: http://selenium1py.pythonanywhere.com/es/catalogue/coders-at-work_207/, line 715: ReferenceError: oscar is not defined
1560795864289	Marionette	INFO	Stopped listening on port 32827
[Parent 25967, Gecko_IOThread] WARNING: pipe error (79): Соединение разорвано другой стороной: file /build/firefox-gHMaBx/firefox-67.0.1+build1/ipc/chromium/src/chrome/common/ipc_channel_posix.cc, line 357
[Parent 25967, Gecko_IOThread] WARNING: pipe error (94): Соединение разорвано другой стороной: file /build/firefox-gHMaBx/firefox-67.0.1+build1/ipc/chromium/src/chrome/common/ipc_channel_posix.cc, line 357
1560795873154	mozrunner::runner	INFO	Running command: "/usr/bin/firefox" "-marionette" "-foreground" "-no-remote" "-profile" "/tmp/rust_mozprofile.vcwYtUYHVyz3"
1560795873462	addons.webextension.screenshots@mozilla.org	WARN	Loading extension 'screenshots@mozilla.org': Reading manifest: Invalid extension permission: mozillaAddons
1560795873462	addons.webextension.screenshots@mozilla.org	WARN	Loading extension 'screenshots@mozilla.org': Reading manifest: Invalid extension permission: resource://pdf.js/
1560795873462	addons.webextension.screenshots@mozilla.org	WARN	Loading extension 'screenshots@mozilla.org': Reading manifest: Invalid extension permission: about:reader*
1560795875986	Marionette	INFO	Listening on port 44881
1560795876070	Marionette	WARN	TLS certificate errors will be ignored for this session
JavaScript error: http://selenium1py.pythonanywhere.com/fr/catalogue/coders-at-work_207/, line 614: ReferenceError: oscar is not defined
JavaScript error: http://selenium1py.pythonanywhere.com/fr/catalogue/coders-at-work_207/, line 716: ReferenceError: oscar is not defined
1560795882344	Marionette	INFO	Stopped listening on port 44881
[Parent 26891, Gecko_IOThread] WARNING: pipe error (79): Соединение разорвано другой стороной: file /build/firefox-gHMaBx/firefox-67.0.1+build1/ipc/chromium/src/chrome/common/ipc_channel_posix.cc, line 357
[Parent 26891, Gecko_IOThread] WARNING: pipe error (60): Соединение разорвано другой стороной: file /build/firefox-gHMaBx/firefox-67.0.1+build1/ipc/chromium/src/chrome/common/ipc_channel_posix.cc, line 357
